<?xml version="1.0" encoding="UTF-8"?>
<testng-results ignored="0" total="2" passed="2" failed="0" skipped="0">
  <reporter-output>
  </reporter-output>
  <suite started-at="2023-07-07T02:57:21 IST" name="Default suite" finished-at="2023-07-07T02:58:01 IST" duration-ms="39896">
    <groups>
    </groups>
    <test started-at="2023-07-07T02:57:21 IST" name="Default test" finished-at="2023-07-07T02:58:01 IST" duration-ms="39896">
      <class name="testProgram.Test00001">
        <test-method is-config="true" signature="setUp()[pri:0, instance:testProgram.Test00001@1afd44cb]" started-at="2023-07-07T02:57:21 IST" name="setUp" finished-at="2023-07-07T02:57:41 IST" duration-ms="19994" status="PASS">
          <reporter-output>
          </reporter-output>
        </test-method> <!-- setUp -->
        <test-method signature="verifyLogo()[pri:0, instance:testProgram.Test00001@1afd44cb]" started-at="2023-07-07T02:57:41 IST" name="verifyLogo" finished-at="2023-07-07T02:57:42 IST" duration-ms="1133" status="PASS">
          <reporter-output>
          </reporter-output>
        </test-method> <!-- verifyLogo -->
        <test-method is-config="true" signature="tearDown()[pri:0, instance:testProgram.Test00001@1afd44cb]" started-at="2023-07-07T02:57:42 IST" name="tearDown" finished-at="2023-07-07T02:57:43 IST" duration-ms="1250" status="PASS">
          <reporter-output>
          </reporter-output>
        </test-method> <!-- tearDown -->
        <test-method is-config="true" signature="setUp()[pri:0, instance:testProgram.Test00001@1afd44cb]" started-at="2023-07-07T02:57:43 IST" name="setUp" finished-at="2023-07-07T02:57:59 IST" duration-ms="15296" status="PASS">
          <reporter-output>
          </reporter-output>
        </test-method> <!-- setUp -->
        <test-method signature="verifyTitle()[pri:0, instance:testProgram.Test00001@1afd44cb]" started-at="2023-07-07T02:57:59 IST" name="verifyTitle" finished-at="2023-07-07T02:57:59 IST" duration-ms="678" status="PASS">
          <reporter-output>
          </reporter-output>
        </test-method> <!-- verifyTitle -->
        <test-method is-config="true" signature="tearDown()[pri:0, instance:testProgram.Test00001@1afd44cb]" started-at="2023-07-07T02:57:59 IST" name="tearDown" finished-at="2023-07-07T02:58:01 IST" duration-ms="1373" status="PASS">
          <reporter-output>
          </reporter-output>
        </test-method> <!-- tearDown -->
      </class> <!-- testProgram.Test00001 -->
    </test> <!-- Default test -->
  </suite> <!-- Default suite -->
</testng-results>
