<?xml version="1.0" encoding="UTF-8"?>
<testng-results ignored="0" total="2" passed="2" failed="0" skipped="0">
  <reporter-output>
  </reporter-output>
  <suite started-at="2023-07-06T07:31:21 IST" name="Suite" finished-at="2023-07-06T07:33:05 IST" duration-ms="104037">
    <groups>
    </groups>
    <test started-at="2023-07-06T07:31:21 IST" name="Test" finished-at="2023-07-06T07:33:05 IST" duration-ms="104037">
      <class name="testProgram.Test00001">
        <test-method is-config="true" signature="setUp()[pri:0, instance:testProgram.Test00001@1cbbffcd]" started-at="2023-07-06T07:31:21 IST" name="setUp" finished-at="2023-07-06T07:32:27 IST" duration-ms="65792" status="PASS">
          <reporter-output>
          </reporter-output>
        </test-method> <!-- setUp -->
        <test-method signature="verifyLogo()[pri:0, instance:testProgram.Test00001@1cbbffcd]" started-at="2023-07-06T07:32:27 IST" name="verifyLogo" finished-at="2023-07-06T07:32:29 IST" duration-ms="2429" status="PASS">
          <reporter-output>
          </reporter-output>
        </test-method> <!-- verifyLogo -->
        <test-method is-config="true" signature="tearDown()[pri:0, instance:testProgram.Test00001@1cbbffcd]" started-at="2023-07-06T07:32:29 IST" name="tearDown" finished-at="2023-07-06T07:32:30 IST" duration-ms="1282" status="PASS">
          <reporter-output>
          </reporter-output>
        </test-method> <!-- tearDown -->
        <test-method is-config="true" signature="setUp()[pri:0, instance:testProgram.Test00001@1cbbffcd]" started-at="2023-07-06T07:32:30 IST" name="setUp" finished-at="2023-07-06T07:33:01 IST" duration-ms="30846" status="PASS">
          <reporter-output>
          </reporter-output>
        </test-method> <!-- setUp -->
        <test-method signature="verifyTitle()[pri:0, instance:testProgram.Test00001@1cbbffcd]" started-at="2023-07-06T07:33:01 IST" name="verifyTitle" finished-at="2023-07-06T07:33:03 IST" duration-ms="1520" status="PASS">
          <reporter-output>
          </reporter-output>
        </test-method> <!-- verifyTitle -->
        <test-method is-config="true" signature="tearDown()[pri:0, instance:testProgram.Test00001@1cbbffcd]" started-at="2023-07-06T07:33:03 IST" name="tearDown" finished-at="2023-07-06T07:33:05 IST" duration-ms="1970" status="PASS">
          <reporter-output>
          </reporter-output>
        </test-method> <!-- tearDown -->
      </class> <!-- testProgram.Test00001 -->
    </test> <!-- Test -->
  </suite> <!-- Suite -->
</testng-results>
